  src.c
C:\Users\th072\source\repos\StockGame\StockGame\src.c(137,11): warning C4477: 'scanf_s' : 서식 문자열 '%c'에 'unsigned int' 형식의 인수가 필요하지만 variadic 인수 2의 형식이 'size_t'입니다.
  C:\Users\th072\source\repos\StockGame\StockGame\src.c(137,11):
  이 인수는 버퍼 크기로 사용됩니다.
  
C:\Users\th072\source\repos\StockGame\StockGame\src.c(350,13): warning C4244: '-=': 'double'에서 'int'(으)로 변환하면서 데이터가 손실될 수 있습니다.
C:\Users\th072\source\repos\StockGame\StockGame\src.c(385,17): warning C4473: 'fprintf': 서식 문자열에 대한 인수가 충분하게 전달되지 않았습니다.
  C:\Users\th072\source\repos\StockGame\StockGame\src.c(385,17):
  자리 표시자 및 해당 매개 변수에는 variadic 인수가 7개 필요하지만 6개가 제공되었습니다.
  C:\Users\th072\source\repos\StockGame\StockGame\src.c(385,17):
  누락된 variadic 인수 7이(가) 서식 문자열 '%d'에 필요합니다.
  
C:\Users\th072\source\repos\StockGame\StockGame\src.c(387,220): warning C4474: 'fprintf' : 서식 문자열에 전달된 인수가 너무 많습니다.
  C:\Users\th072\source\repos\StockGame\StockGame\src.c(387,220):
  자리 표시자 및 해당 매개 변수에는 variadic 인수가 15개 필요하지만 16개가 제공되었습니다.
  
C:\Users\th072\source\repos\StockGame\StockGame\src.c(398,16): warning C4473: 'fscanf': 서식 문자열에 대한 인수가 충분하게 전달되지 않았습니다.
  C:\Users\th072\source\repos\StockGame\StockGame\src.c(398,16):
  자리 표시자 및 해당 매개 변수에는 variadic 인수가 7개 필요하지만 6개가 제공되었습니다.
  C:\Users\th072\source\repos\StockGame\StockGame\src.c(398,16):
  누락된 variadic 인수 7이(가) 서식 문자열 '%d'에 필요합니다.
  
C:\Users\th072\source\repos\StockGame\StockGame\src.c(400,225): warning C4474: 'fscanf' : 서식 문자열에 전달된 인수가 너무 많습니다.
  C:\Users\th072\source\repos\StockGame\StockGame\src.c(400,225):
  자리 표시자 및 해당 매개 변수에는 variadic 인수가 15개 필요하지만 16개가 제공되었습니다.
  
C:\Users\th072\source\repos\StockGame\StockGame\src.c(416,11): warning C4244: '+=': '__int64'에서 'int'(으)로 변환하면서 데이터가 손실될 수 있습니다.
C:\Users\th072\source\repos\StockGame\StockGame\src.c(464,9): warning C4477: 'printf' : 서식 문자열 '%d'에 'int' 형식의 인수가 필요하지만 variadic 인수 1의 형식이 'double'입니다.
C:\Users\th072\source\repos\StockGame\StockGame\src.c(499,14): warning C4244: '=': 'double'에서 'int'(으)로 변환하면서 데이터가 손실될 수 있습니다.
C:\Users\th072\source\repos\StockGame\StockGame\src.c(656,9): warning C4477: 'printf' : 서식 문자열 '%d'에 'int' 형식의 인수가 필요하지만 variadic 인수 1의 형식이 'double'입니다.
  코드를 생성하고 있습니다.
  0 of 40 functions ( 0.0%) were compiled, the rest were copied from previous compilation.
    0 functions were new in current compilation
    0 functions had inline decision re-evaluated but remain unchanged
  코드를 생성했습니다.
  StockGame.vcxproj -> C:\Users\th072\source\repos\StockGame\x64\Release\StockGame.exe
